\BOOKMARK [1][-]{section.1}{Cuesti\363n 1:}{}% 1
\BOOKMARK [2][-]{subsection.1.1}{a\) Liste los argumentos de yum necesarios para instalar, buscar y eliminar paquetes.}{section.1}% 2
\BOOKMARK [2][-]{subsection.1.2}{b\)\277Qu\351 ha de hacer para que yum pueda tener acceso a Internet en el PC del aula?\(Pistas: archivo de configuraci\363n en /etc, proxy: stargate.ugr.es:3128\)}{section.1}% 3
\BOOKMARK [2][-]{subsection.1.3}{c\)\277C\363mo a\361adimos un nuevo repositorio?}{section.1}% 4
\BOOKMARK [1][-]{section.2}{Cuesti\363n 2:}{}% 5
\BOOKMARK [2][-]{subsection.2.1}{a\) Liste los argumentos de apt necesarios para instalar, buscar y eliminar paquetes.}{section.2}% 6
\BOOKMARK [2][-]{subsection.2.2}{b\)\277Qu\351 ha de hacer para que apt pueda tener acceso a Internet en el PC del aula?\(Pistas: archivo de configuraci\363n en /etc, proxy: stargate.ugr.es:3128\)}{section.2}% 7
\BOOKMARK [2][-]{subsection.2.3}{c\)\277C\363mo a\361adimos un nuevo repositorio?}{section.2}% 8
\BOOKMARK [1][-]{section.3}{Cuesti\363n 3:}{}% 9
\BOOKMARK [2][-]{subsection.3.1}{a\) \277Con qu\351 comando puede abrir/cerrar un puerto usando ufw? Muestre un ejemplo de c\363mo lo ha hecho}{section.3}% 10
\BOOKMARK [2][-]{subsection.3.2}{b\) \277Con qu\351 comando puede abrir/cerrar un puerto usando firewall-cmd en CentOS? Muestre un ejemplo de c\363mo lo ha hecho}{section.3}% 11
\BOOKMARK [2][-]{subsection.3.3}{c\) Utilice el comando nmap para ver que, efectivamente, los puertos est\341n accesibles}{section.3}% 12
\BOOKMARK [1][-]{section.4}{Cuesti\363n 4: \277Qu\351 diferencia hay entre telnet y ssh?}{}% 13
\BOOKMARK [1][-]{section.5}{Cuesti\363n 5:}{}% 14
\BOOKMARK [2][-]{subsection.5.1}{a\) \277Para qu\351 sirve la opci\363n -X?}{section.5}% 15
\BOOKMARK [2][-]{subsection.5.2}{b\) Ejecute remotamente, es decir, desde la m\341quina anfitriona \(si tiene Linux\) o desde la otra m\341quina virtual, el comando gedit en una sesi\363n abierta con ssh. \277Qu\351 ocurre?}{section.5}% 16
\BOOKMARK [1][-]{section.6}{Cuesti\363n 6: muestre la secuencia de comandos y las modificaciones a los archivos correspondientes para permitir acceder a la consola remota sin introducir la contrase\361a. Pruebe que funciona. \(Pistas: ssh-keygen, ssh-copy- id\).}{}% 17
\BOOKMARK [1][-]{section.7}{Cuesti\363n 7: \277Qu\351 archivo es el que contiene la configuraci\363n del servicio ssh? \277Qu\351 par\341metro hay que modificar para evitar que el usuario root acceda? Cambie el puerto por defecto y compruebe que puede acceder.}{}% 18
\BOOKMARK [1][-]{section.8}{Cuesti\363n 8: Indique si es necesario reiniciar el servicio \277C\363mo se reinicia un servicio en Ubuntu? \277y en CentOS? Muestre la secuencia de comandos para hacerlo.}{}% 19
\BOOKMARK [1][-]{section.9}{Cuesti\363n opcional 1 : Instale y pruebe terminator y/o tmux. Con screen, pruebe su funcionamiento dejando sesiones ssh abiertas en el servidor y recuper\341ndolas posteriormente.}{}% 20
\BOOKMARK [1][-]{section.10}{Cuesti\363n opcional 2 : Instale el servicio y pruebe su funcionamiento.}{}% 21
\BOOKMARK [1][-]{section.11}{Cuesti\363n 9: Muestre los comandos que ha utilizado en Ubuntu Server y en CentOS \(aunque en este \372ltimo puede utilizar la GUI, en tal caso, realice capturas de pantalla\). Compruebe que la instalaci\363n ha sido correcta.}{}% 22
\BOOKMARK [1][-]{section.12}{Cuesti\363n 10: Realice la instalaci\363n usando GUI o PowerShell y compruebe que el servicio est\341 funcionando accediendo a la MV a trav\351s de la anfitriona.}{}% 23
\BOOKMARK [1][-]{section.13}{Cuesti\363n 11: Muestre un ejemplo http://fedoraproject.org/wiki/VMWare\)}{}% 24
\BOOKMARK [1][-]{section.14}{Cuesti\363n 12: Realice la instalaci\363n de esta aplicaci\363n y pruebe a modificar alg\372n par\341metro de alg\372n servicio. Muestre las capturas de pantalla pertinentes as\355 como el proceso de instalaci\363n.}{}% 25
\BOOKMARK [1][-]{section.15}{Cuesti\363n 13 : Instale phpMyAdmin, indique c\363mo lo ha realizado y muestre algunas capturas de pantalla. Configure PHP para poder importar BDs de hasta 25MiB \(en vez de los 8 MiB de l\355mite por defecto\). Indique c\363mo ha realizado el proceso y muestre capturas de pantalla.}{}% 26
\BOOKMARK [1][-]{section.16}{Cuesti\363n 14: Viste al menos una de las webs de los software mencionados y pruebe las demos que ofrecen realizando capturas de pantalla y comentando qu\351 est\341 realizando.}{}% 27
\BOOKMARK [1][-]{section.17}{Cuesti\363n 15 :}{}% 28
\BOOKMARK [2][-]{subsection.17.1}{a\) Ejecute los ejemplos de find, grep}{section.17}% 29
\BOOKMARK [2][-]{subsection.17.2}{b\) Escriba el script que haga uso de sed para cambiar la configuraci\363n de ssh y reiniciar el servicio.}{section.17}% 30
\BOOKMARK [2][-]{subsection.17.3}{c\) Muestre un ejemplo de uso para awk.}{section.17}% 31
\BOOKMARK [1][-]{section.18}{Cuesti\363n 16 : Escriba el script para cambiar el acceso a ssh usando PHP o Python.}{}% 32
\BOOKMARK [1][-]{section.19}{Cuesti\363n 17 : Abra una consola de Powershell y pruebe a parar un programa en ejecuci\363n \(p.ej\), realice capturas de pantalla y comente lo que muestra.}{}% 33
\BOOKMARK [1][-]{section.20}{Problemas}{}% 34
